<?xml version="1.0" encoding="UTF-8"?>
<!-- Generated by org.testng.reporters.JUnitXMLReporter -->
<testsuite ignored="2" hostname="DESKTOP-FC0ODHN" failures="0" tests="1" name="Default test" time="32.66" errors="0" timestamp="2022-06-19T22:10:30 EDT">
  <testcase classname="testlayer.Shopping_cart_test" name="product_info_displayed" time="21.188"/>
  <testcase classname="testlayer.Shopping_cart_test" name="testing_shopping_cart" time="0.0">
    <ignored/>
  </testcase> <!-- testing_shopping_cart -->
  <testcase classname="testlayer.Shopping_cart_test" name="item_information_test" time="0.0">
    <ignored/>
  </testcase> <!-- item_information_test -->
</testsuite> <!-- Default test -->
